[7 days ago] 7237fd1a  PMCORE-1773:[20214 ] GetValue() method is returning the label instead of the Key for radio fields in Mobile. <fabio>
[9 days ago] 731e77a1  (origin/bugfix/PMCORE-1341-A) PMCORE-1341-A <Henry Jordan>
[11 days ago] 2073d30c  [20214 ] GetValue() method is returning the label instead of the Key for radio fields in Mobile. <fabio>
[3 weeks ago] 18035a13  PMCORE-1773:[20214 ] GetValue() method is returning the label instead of the Key for radio fields in Mobile. <fabio>
[5 weeks ago] b41c162e  (origin/bugfix/PMCORE-2161) PMCORE-2161: Wrong functionality of the dropdown controls in grid <Rodrigo Quelca>
[5 weeks ago] aa024a7a  (origin/bugfix/PMCORE-1234) PMCORE-1234 <Henry Jordan>
[6 weeks ago] 3728a520  (origin/bugfix/PMCORE-1751) PMCORE-1751 <Andrea Adamczyk>
[6 weeks ago] c580864a  (origin/escapeSelector) escapeSelector methos was created <Rodrigo Quelca>
[7 weeks ago] 7565b8cc  (origin/bugfix/PMCORE-2061) PMCORE-2061 <Henry Jordan>
[7 weeks ago] c2246d87  (origin/feature/PMCORE-2114) PMCORE-2114: Javascript Helper functions for geomap control <Rodrigo Quelca>
[8 weeks ago] 1966b2ef  (origin/bugfix/PMCORE-1961) PMCORE-1961 <Henry Jordan>
[8 weeks ago] 4d3a8804  (origin/bugfix/PMCORE-759) PMCORE-759 <Henry Jordan>
[8 weeks ago] 96ab5933  PMCORE-537:Bug with rows of the grid and multiple file <fabio>
[9 weeks ago] 0cf32fc3  (origin/bugfix/PMCORE-2052) PMCORE-2052 <Henry Jordan>
[9 weeks ago] 8db9a803  (origin/bugfix/PMCORE-2045) PMCORE-2045 <Henry Jordan>
[9 weeks ago] 8dc912cc  (origin/bugfix/PMCORE-2004, origin/bigfix/PMCORE-2004) PMCORE-2004: IE 11>> Values of suggest control are lost in the second task <Rodrigo Quelca>
[9 weeks ago] a03762cf  (origin/bugfix/PMCORE-1998) PMCORE-1998 <Henry Jordan>
[9 weeks ago] 7eef0679  (origin/bugfix/PMCORE-2009) PMCORE-2009: IE 11 >> Date time control validation does not disappear, when it is corrected <Rodrigo Quelca>
[10 weeks ago] 5c92fd62  (origin/bugfix/PMCORE-1112-A) PMCORE-1112-A <Henry Jordan>
[10 weeks ago] 555883b5  (origin/bugfix/PMCORE-1837) PMCORE-1837 <Henry Jordan>
[2 months ago] 570fa814  (origin/bugfix/PMCORE-559) PMCORE-559: [ZenDesk 11723] Date Time Control - Initial Selection Date Property when setting the format HH:mm is not displaying the time correctly <Rodrigo Quelca>
[3 months ago] a79bc677  (origin/bugfix/PMCORE-1112) PMCORE-1112 <Henry Jordan>
[3 months ago] 8c8d2ba7  (origin/bugfix/PMCORE-1607-B) update v2 <Henry Jordan>
[3 months ago] 87a2a94b  update <Henry Jordan>
[3 months ago] 09ae2de3  PMCORE-1607-B <Henry Jordan>
[3 months ago] 6ccfe4bf  PMCORE-1607-B <Henry Jordan>
[3 months ago] f8537160  (origin/bugfix/PMCORE-1953) PMCORE-1953 <Henry Jordan>
[3 months ago] 9494a66a  (origin/bugfix/PMCORE-1942-B) PMCORE-1942-B <Henry Jordan>
[3 months ago] 7b5993ec  (origin/bugfix/PMCORE-819) PMCORE-819: (Dynaform - Grid) 0025586: TextBox control doesn't display the value with a query with different 'Display mode' <Rodrigo Quelca>
[3 months ago] fe881c0a  (origin/bugfix/PMCORE-1943) PMCORE-1943 <Henry Jordan>