[3 days ago] a9ede644  (origin/bugfix/PMCORE-2311-C) PMCORE-2311-C <Andrea Adamczyk>
[4 days ago] 734f5c8f  (origin/bugfix/PMCORE-2311-B) PMCORE-2311-B <Andrea Adamczyk>
[4 days ago] e1b2fc4e  (origin/bugfix/PMCORE-2136-C) PMCORE-2136-C <Henry Jordan>
[8 days ago] 0e0de9d8  (origin/bugfix/PMCORE-2311-A) PMCORE-2311-A <Andrea Adamczyk>
[8 days ago] d6c268a9  (origin/bugfix/PMCORE-2136-B) PMCORE-2136-B <Henry Jordan>
[10 days ago] 18b5e64f  PMCORE-2311 <Andrea Adamczyk>
[2 weeks ago] a1283ec8  (origin/bugfix/PMCORE-2278) PMCORE-2278 <Henry Jordan>
[4 weeks ago] 440c12da  (origin/bugfix/PMCORE-2136) PMCORE-2136 <Henry Jordan>
[5 weeks ago] 2bf373db  (origin/bugfix/PMCORE-561) PMCORE-561 <Andrea Adamczyk>
[6 weeks ago] 9af801bc  (origin/bugfix/PMCORE-2040) PMCORE-2040 <Henry Jordan>
[6 weeks ago] 4568d802  (origin/bugfix/PMCORE-2044) PMCORE-2044 <Henry Jordan>
[6 weeks ago] 9166e496  (origin/feature/PMCORE-2095) Fix CR observations by Rodrigo <Julio Cesar Laura Avendaño>
[6 weeks ago] 1f85f34e  (origin/bugfix/PMCORE-694) PMCORE-694 <Henry Jordan>
[6 weeks ago] a5ffc5de  (origin/bugfix/PMCORE-2128) PMCORE-2128 <Julio Cesar Laura Avendaño>
[6 weeks ago] 7ddb25d1  Fix PM observations <Julio Cesar Laura Avendaño>
[6 weeks ago] 009637ed  PMCORE-2099 <Julio Cesar Laura Avendaño>
[6 weeks ago] 41259199  PMCORE-2096 <Julio Cesar Laura Avendaño>
[7 weeks ago] 5b3dce87  Fix PM observations <Julio Cesar Laura Avendaño>
[8 weeks ago] 7f2dcb73  (origin/bugfix/PMCORE-2099) PMCORE-2099 <Julio Cesar Laura Avendaño>
[8 weeks ago] c0cb7a81  (origin/bugfix/PMCORE-2096) PMCORE-2096 <Julio Cesar Laura Avendaño>
[8 weeks ago] c09985a7  (origin/feature/PMCORE-2112) PMCORE-2112: Add Fixed Location Property to geomap mobile control <Rodrigo Quelca>
[3 months ago] 8f7a7423  translate <fabio>
[3 months ago] e3dd3b95  PMCORE-1829:default-vaule property does not have hint <fabio>
[3 months ago] 24c0137d  PMCORE-1828:Hint to max-date property of date-time control was not update <fabio>
[4 months ago] 45574666  (origin/bugfix/PMCORE-1776) PMCORE-1776 <Henry Jordan>
[4 months ago] 0b76dd90  (origin/bugfix/PMCORE-1745_B) PMCORE-1745: ABE - Email response >> the default email account is empty for the "receiver account" option <Rodrigo Quelca>
[4 months ago] 50aee6d9  (origin/bugfix/PMCORE-1745) PMCORE-1745: ABE - Email response >> the default email account is empty for the "receiver account" option <Rodrigo Quelca>
[4 months ago] 970aedbb  PMCORE-1712:PMFTotalCalculation trigger Wizard help letters get out of the box <Fabio Guachalla>
[4 months ago] e624023a  (origin/bugfix/PMCORE-1688) PMCORE-1688 Review the composer from the release/3.5.0 <Roly Rudy Gutierrez Pinto>
[4 months ago] 6fd2b782  PMCORE-1682:Rollback PMCORE-506 (Permit same ID Name on Grids) <Fabio Guachalla>